0 info it worked if it ends with ok
1 verbose cli [ 'c:\\Program Files (x86)\\nodejs\\node.exe',
1 verbose cli   'c:\\Program Files (x86)\\nodejs\\node_modules\\npm\\bin\\npm-cli.js',
1 verbose cli   'install',
1 verbose cli   '-g',
1 verbose cli   'typescript@1.5.0' ]
2 info using npm@1.4.28
3 info using node@v0.10.33
4 verbose cache add [ 'typescript@1.5.0', null ]
5 verbose cache add name=undefined spec="typescript@1.5.0" args=["typescript@1.5.0",null]
6 verbose parsed url { protocol: null,
6 verbose parsed url   slashes: null,
6 verbose parsed url   auth: null,
6 verbose parsed url   host: null,
6 verbose parsed url   port: null,
6 verbose parsed url   hostname: null,
6 verbose parsed url   hash: null,
6 verbose parsed url   search: null,
6 verbose parsed url   query: null,
6 verbose parsed url   pathname: 'typescript@1.5.0',
6 verbose parsed url   path: 'typescript@1.5.0',
6 verbose parsed url   href: 'typescript@1.5.0' }
7 verbose cache add name="typescript" spec="1.5.0" args=["typescript","1.5.0"]
8 verbose parsed url { protocol: null,
8 verbose parsed url   slashes: null,
8 verbose parsed url   auth: null,
8 verbose parsed url   host: null,
8 verbose parsed url   port: null,
8 verbose parsed url   hostname: null,
8 verbose parsed url   hash: null,
8 verbose parsed url   search: null,
8 verbose parsed url   query: null,
8 verbose parsed url   pathname: '1.5.0',
8 verbose parsed url   path: '1.5.0',
8 verbose parsed url   href: '1.5.0' }
9 verbose addNamed [ 'typescript', '1.5.0' ]
10 verbose addNamed [ '1.5.0', '1.5.0' ]
11 silly lockFile 6a8b19a0-typescript-1-5-0 typescript@1.5.0
12 verbose lock typescript@1.5.0 C:\Users\Abraão\AppData\Roaming\npm-cache\6a8b19a0-typescript-1-5-0.lock
13 verbose request where is /typescript
14 verbose request registry https://registry.npmjs.org/
15 verbose request id 55dd542a6d4e7795
16 verbose url raw /typescript
17 verbose url resolving [ 'https://registry.npmjs.org/', './typescript' ]
18 verbose url resolved https://registry.npmjs.org/typescript
19 verbose request where is https://registry.npmjs.org/typescript
20 info trying registry request attempt 1 at 14:21:56
21 verbose etag "7W0WNC76OVILT0398T3T13JLN"
22 http GET https://registry.npmjs.org/typescript
23 http 304 https://registry.npmjs.org/typescript
24 silly registry.get cb [ 304,
24 silly registry.get   { date: 'Sat, 25 Apr 2015 17:21:56 GMT',
24 silly registry.get     via: '1.1 varnish',
24 silly registry.get     'last-modified': 'Sat, 25 Apr 2015 17:21:56 GMT',
24 silly registry.get     'cache-control': 'max-age=60',
24 silly registry.get     etag: '"7W0WNC76OVILT0398T3T13JLN"',
24 silly registry.get     age: '0',
24 silly registry.get     connection: 'keep-alive',
24 silly registry.get     'x-served-by': 'cache-atl6231-ATL',
24 silly registry.get     'x-cache': 'HIT',
24 silly registry.get     'x-cache-hits': '1',
24 silly registry.get     'x-timer': 'S1429982516.911102,VS0,VE25',
24 silly registry.get     vary: 'Accept' } ]
25 verbose etag https://registry.npmjs.org/typescript from cache
26 silly lockFile 6a8b19a0-typescript-1-5-0 typescript@1.5.0
27 silly lockFile 6a8b19a0-typescript-1-5-0 typescript@1.5.0
28 error Error: version not found: typescript@1.5.0
28 error     at c:\Program Files (x86)\nodejs\node_modules\npm\lib\cache\add-named.js:125:12
28 error     at saved (c:\Program Files (x86)\nodejs\node_modules\npm\node_modules\npm-registry-client\lib\get.js:167:7)
28 error     at Object.oncomplete (fs.js:107:15)
29 error If you need help, you may report this *entire* log,
29 error including the npm and node versions, at:
29 error     <http://github.com/npm/npm/issues>
30 error System Windows_NT 6.2.9200
31 error command "c:\\Program Files (x86)\\nodejs\\node.exe" "c:\\Program Files (x86)\\nodejs\\node_modules\\npm\\bin\\npm-cli.js" "install" "-g" "typescript@1.5.0"
32 error cwd c:\sources\hackathon-greemile
33 error node -v v0.10.33
34 error npm -v 1.4.28
35 verbose exit [ 1, true ]
